<?xml version="1.0" encoding="UTF-8"?>
<!-- Generated by org.testng.reporters.JUnitReportReporter -->
<testsuite hostname="DOOMSDAY" failures="0" tests="1" name="basicJenkinsMavenTest.File1" time="0.006" errors="0" timestamp="04 Dec 2023 12:03:52 GMT" skipped="0">
  <testcase classname="basicJenkinsMavenTest.File1" name="test1" time="0.006"/>
</testsuite> <!-- basicJenkinsMavenTest.File1 -->
